\BOOKMARK [0][-]{toc.0}{\376\377\000T\000a\000b\000l\000e\000\040\000o\000f\000\040\000C\000o\000n\000t\000e\000n\000t\000s}{}% 1
\BOOKMARK [0][-]{chapter*.2}{\376\377\000A\000b\000s\000t\000r\000a\000c\000t}{}% 2
\BOOKMARK [0][-]{chapter.1}{\376\377\000I\000n\000t\000r\000o\000d\000u\000c\000t\000i\000o\000n}{}% 3
\BOOKMARK [0][-]{chapter.2}{\376\377\000N\000e\000u\000r\000a\000l\000\040\000N\000e\000t\000w\000o\000r\000k\000s}{}% 4
\BOOKMARK [1][-]{section.2.1}{\376\377\000W\000h\000a\000t\000\040\000i\000s\000\040\000a\000\040\000N\000e\000u\000r\000a\000l\000\040\000N\000e\000t\000w\000o\000r\000k}{chapter.2}% 5
\BOOKMARK [1][-]{section.2.2}{\376\377\000W\000h\000y\000\040\000u\000s\000e\000\040\000a\000\040\000N\000e\000u\000r\000a\000l\000\040\000N\000e\000t\000w\000o\000r\000k}{chapter.2}% 6
\BOOKMARK [1][-]{section.2.3}{\376\377\000W\000h\000a\000t\000\040\000a\000r\000e\000\040\000t\000h\000e\000\040\000a\000l\000t\000e\000r\000n\000a\000t\000i\000v\000e\000s\000\040\000t\000o\000\040\000N\000e\000u\000r\000a\000l\000\040\000N\000e\000t\000w\000o\000r\000k\000s\000\040\000i\000n\000\040\000I\000m\000a\000g\000e\000\040\000C\000l\000a\000s\000s\000i\000f\000i\000c\000a\000t\000i\000o\000n}{chapter.2}% 7
\BOOKMARK [1][-]{section.2.4}{\376\377\000T\000h\000e\000\040\000d\000i\000f\000f\000e\000r\000e\000n\000t\000\040\000o\000p\000t\000i\000m\000i\000z\000e\000r\000s}{chapter.2}% 8
\BOOKMARK [1][-]{section.2.5}{\376\377\000W\000h\000a\000t\000\040\000i\000s\000\040\000a\000\040\000C\000o\000n\000v\000o\000l\000u\000t\000i\000o\000n\000a\000l\000\040\000N\000e\000u\000r\000a\000l\000\040\000N\000e\000t\000w\000o\000r\000k}{chapter.2}% 9
\BOOKMARK [1][-]{section.2.6}{\376\377\000T\000y\000p\000e\000s\000\040\000O\000f\000\040\000L\000a\000y\000e\000r\000s}{chapter.2}% 10
\BOOKMARK [1][-]{section.2.7}{\376\377\000W\000h\000a\000t\000\040\000t\000r\000a\000n\000s\000f\000e\000r\000\040\000l\000e\000a\000r\000n\000i\000n\000g\000\040\000i\000s}{chapter.2}% 11
\BOOKMARK [1][-]{section.2.8}{\376\377\000T\000h\000e\000\040\000D\000a\000t\000a\000s\000e\000t\000s\000\040\000I\000\040\000w\000i\000l\000l\000\040\000b\000e\000\040\000u\000s\000i\000n\000g}{chapter.2}% 12
\BOOKMARK [0][-]{chapter.3}{\376\377\000T\000r\000a\000n\000s\000f\000e\000r\000\040\000L\000e\000a\000r\000n\000i\000n\000g}{}% 13
\BOOKMARK [1][-]{section.3.1}{\376\377\000W\000h\000y\000\040\000u\000s\000e\000\040\000T\000r\000a\000n\000s\000f\000e\000r\000\040\000L\000e\000a\000r\000n\000i\000n\000g}{chapter.3}% 14
\BOOKMARK [1][-]{section.3.2}{\376\377\000D\000r\000a\000w\000b\000a\000c\000k\000s\000\040\000o\000f\000\040\000T\000r\000a\000n\000s\000f\000e\000r\000\040\000L\000e\000a\000r\000n\000i\000n\000g}{chapter.3}% 15
\BOOKMARK [1][-]{section.3.3}{\376\377\000T\000h\000e\000\040\000c\000o\000d\000e\000\040\000b\000e\000h\000i\000n\000d\000\040\000t\000h\000e\000\040\000t\000r\000a\000n\000s\000f\000e\000r\000\040\000l\000e\000a\000r\000n\000i\000n\000g}{chapter.3}% 16
\BOOKMARK [1][-]{section.3.4}{\376\377\000H\000o\000w\000\040\000t\000o\000\040\000i\000m\000p\000l\000e\000m\000e\000n\000t\000\040\000T\000r\000a\000n\000s\000f\000e\000r\000\040\000L\000e\000a\000r\000n\000i\000n\000g}{chapter.3}% 17
\BOOKMARK [1][-]{section.3.5}{\376\377\000H\000o\000w\000\040\000t\000o\000\040\000f\000i\000n\000e\000-\000t\000u\000n\000e\000\040\000a\000\040\000m\000o\000d\000e\000l}{chapter.3}% 18
\BOOKMARK [1][-]{section.3.6}{\376\377\000M\000y\000\040\000t\000r\000a\000i\000n\000i\000n\000g\000\040\000s\000e\000t\000u\000p}{chapter.3}% 19
\BOOKMARK [0][-]{chapter.4}{\376\377\000E\000v\000a\000l\000u\000a\000t\000i\000n\000g\000\040\000t\000h\000e\000\040\000p\000e\000r\000f\000o\000r\000m\000a\000n\000c\000e}{}% 20
\BOOKMARK [1][-]{section.4.1}{\376\377\000T\000h\000e\000\040\000d\000i\000f\000f\000e\000r\000e\000n\000t\000\040\000m\000e\000t\000r\000i\000c\000s}{chapter.4}% 21
\BOOKMARK [1][-]{section.4.2}{\376\377\000D\000a\000t\000a\000\040\000A\000u\000g\000m\000e\000n\000t\000a\000t\000i\000o\000n}{chapter.4}% 22
\BOOKMARK [1][-]{section.4.3}{\376\377\000P\000r\000o\000b\000l\000e\000m\000s\000\040\000w\000i\000t\000h\000\040\000t\000h\000e\000\040\000A\000l\000z\000h\000e\000i\000m\000e\000r\000'\000s\000\040\000M\000R\000I\000\040\000D\000a\000t\000a\000s\000e\000t\000\040\000a\000n\000d\000\040\000h\000o\000w\000\040\000I\000\040\000f\000i\000x\000e\000d\000\040\000t\000h\000e\000m}{chapter.4}% 23
\BOOKMARK [1][-]{section.4.4}{\376\377\000E\000v\000a\000l\000u\000a\000t\000i\000n\000g\000\040\000t\000h\000e\000\040\000g\000i\000v\000e\000n\000\040\000m\000e\000t\000r\000i\000c\000s}{chapter.4}% 24
\BOOKMARK [1][-]{section.4.5}{\376\377\000T\000h\000e\000\040\000d\000i\000f\000f\000e\000r\000e\000n\000t\000\040\000d\000a\000t\000a\000s\000e\000t\000s}{chapter.4}% 25
\BOOKMARK [0][-]{chapter.5}{\376\377\000T\000h\000e\000\040\000d\000i\000f\000f\000e\000r\000e\000n\000t\000\040\000m\000o\000d\000e\000l\000s\000\040\000t\000h\000a\000t\000\040\000a\000r\000e\000\040\000b\000e\000i\000n\000g\000\040\000c\000o\000m\000p\000a\000r\000e\000d}{}% 26
\BOOKMARK [1][-]{section.5.1}{\376\377\000M\000o\000b\000i\000l\000e\000n\000e\000t\000v\0003}{chapter.5}% 27
\BOOKMARK [1][-]{section.5.2}{\376\377\000I\000n\000c\000e\000p\000t\000i\000o\000n\000V\0003}{chapter.5}% 28
\BOOKMARK [1][-]{section.5.3}{\376\377\000R\000e\000s\000N\000e\000t\0001\0000\0001}{chapter.5}% 29
\BOOKMARK [1][-]{section.5.4}{\376\377\000V\000G\000G\0001\0009}{chapter.5}% 30
\BOOKMARK [0][-]{chapter.6}{\376\377\000S\000o\000f\000t\000w\000a\000r\000e\000\040\000E\000n\000g\000i\000n\000e\000e\000r\000i\000n\000g}{}% 31
\BOOKMARK [1][-]{section.6.1}{\376\377\000T\000h\000e\000\040\000c\000o\000d\000e}{chapter.6}% 32
\BOOKMARK [1][-]{section.6.2}{\376\377\000M\000y\000\040\000D\000e\000v\000e\000l\000o\000p\000m\000e\000n\000t\000\040\000E\000n\000v\000i\000r\000o\000n\000m\000e\000n\000t}{chapter.6}% 33
\BOOKMARK [1][-]{section.6.3}{\376\377\000U\000s\000i\000n\000g\000\040\000G\000i\000t}{chapter.6}% 34
\BOOKMARK [1][-]{section.6.4}{\376\377\000T\000e\000s\000t\000i\000n\000g\000\040\000w\000i\000t\000h\000\040\000J\000u\000p\000y\000t\000e\000r\000\040\000N\000o\000t\000e\000b\000o\000o\000k}{chapter.6}% 35
\BOOKMARK [1][-]{section.6.5}{\376\377\000U\000s\000i\000n\000g\000\040\000t\000m\000u\000x}{chapter.6}% 36
\BOOKMARK [1][-]{section.6.6}{\376\377\000U\000s\000i\000n\000g\000\040\000T\000e\000s\000t\000\040\000D\000r\000i\000v\000e\000n\000\040\000D\000e\000v\000e\000l\000o\000p\000m\000e\000n\000t}{chapter.6}% 37
\BOOKMARK [1][-]{section.6.7}{\376\377\000D\000i\000f\000f\000e\000r\000e\000n\000t\000\040\000l\000e\000a\000r\000n\000i\000n\000g\000\040\000r\000a\000t\000e\000s}{chapter.6}% 38
\BOOKMARK [1][-]{section.6.8}{\376\377\000B\000a\000t\000c\000h\000\040\000s\000i\000z\000e\000s}{chapter.6}% 39
\BOOKMARK [1][-]{section.6.9}{\376\377\000D\000a\000t\000a\000s\000e\000t\000\040\000A\000u\000g\000m\000e\000n\000t\000a\000t\000i\000o\000n}{chapter.6}% 40
\BOOKMARK [0][-]{chapter.7}{\376\377\000M\000y\000\040\000t\000r\000a\000i\000n\000i\000n\000g\000\040\000r\000e\000s\000u\000l\000t\000s}{}% 41
\BOOKMARK [0][-]{chapter.8}{\376\377\000H\000o\000w\000\040\000t\000o\000\040\000r\000u\000n\000\040\000t\000h\000e\000\040\000c\000o\000d\000e}{}% 42
\BOOKMARK [1][-]{section.8.1}{\376\377\000P\000r\000e\000r\000e\000q\000u\000i\000s\000i\000t\000e\000s}{chapter.8}% 43
\BOOKMARK [1][-]{section.8.2}{\376\377\000R\000u\000n\000n\000i\000n\000g\000\040\000t\000h\000e\000\040\000c\000o\000d\000e}{chapter.8}% 44
\BOOKMARK [0][-]{chapter.9}{\376\377\000D\000i\000a\000r\000y}{}% 45
\BOOKMARK [0][-]{chapter.10}{\376\377\000C\000o\000n\000c\000l\000u\000s\000i\000o\000n}{}% 46
